\BOOKMARK [0][-]{chapter.1}{\376\377\000G\000e\000t\000t\000i\000n\000g\000\040\000s\000t\000a\000r\000t\000e\000d}{}% 1
\BOOKMARK [1][-]{section.1.1}{\376\377\000D\000o\000w\000n\000l\000o\000a\000d\000\040\000t\000h\000e\000\040\000t\000o\000o\000l\000b\000o\000x}{chapter.1}% 2
\BOOKMARK [1][-]{section.1.2}{\376\377\000S\000e\000t\000\040\000u\000p\000\040\000a\000\040\000v\000i\000r\000t\000u\000a\000l\000\040\000e\000n\000v\000i\000r\000o\000n\000m\000e\000n\000t\000\040\000\050\000r\000e\000c\000o\000m\000m\000e\000n\000d\000e\000d\000\051}{chapter.1}% 3
\BOOKMARK [1][-]{section.1.3}{\376\377\000I\000n\000s\000t\000a\000l\000l\000\040\000r\000e\000q\000u\000i\000r\000e\000m\000e\000n\000t\000s}{chapter.1}% 4
\BOOKMARK [0][-]{chapter.2}{\376\377\000S\000e\000t\000t\000i\000n\000g\000\040\000p\000a\000r\000a\000m\000e\000t\000e\000r\000s}{}% 5
\BOOKMARK [1][-]{section.2.1}{\376\377\000H\000o\000w\000\040\000p\000a\000r\000a\000m\000e\000t\000e\000r\000s\000\040\000a\000r\000e\000\040\000h\000a\000n\000d\000l\000e\000d}{chapter.2}% 6
\BOOKMARK [1][-]{section.2.2}{\376\377\000C\000r\000e\000a\000t\000e\000\040\000a\000\040\000t\000e\000m\000p\000l\000a\000t\000e}{chapter.2}% 7
\BOOKMARK [1][-]{section.2.3}{\376\377\000C\000r\000e\000a\000t\000e\000\040\000a\000\040\000p\000a\000r\000a\000m\000e\000t\000e\000r\000\040\000f\000i\000l\000e\000\040\000f\000o\000r\000\040\000a\000\040\000r\000e\000c\000o\000r\000d\000i\000n\000g}{chapter.2}% 8
\BOOKMARK [0][-]{chapter.3}{\376\377\000P\000r\000e\000p\000r\000o\000c\000e\000s\000s\000i\000n\000g}{}% 9
\BOOKMARK [1][-]{section.3.1}{\376\377\000L\000o\000a\000d\000\040\000a\000n\000d\000\040\000r\000e\000s\000a\000m\000p\000l\000e}{chapter.3}% 10
\BOOKMARK [1][-]{section.3.2}{\376\377\000A\000s\000s\000i\000g\000n\000\040\000p\000o\000l\000a\000r\000i\000t\000y}{chapter.3}% 11
\BOOKMARK [1][-]{section.3.3}{\376\377\000D\000e\000t\000e\000c\000t\000\040\000a\000r\000t\000i\000f\000a\000c\000t\000s}{chapter.3}% 12
\BOOKMARK [0][-]{chapter.4}{\376\377\000E\000A\000\040\000d\000e\000t\000e\000c\000t\000i\000o\000n\000\040\000a\000n\000d\000\040\000c\000l\000a\000s\000s\000i\000f\000i\000c\000a\000t\000i\000o\000n}{}% 13
\BOOKMARK [1][-]{section.4.1}{\376\377\000S\000p\000i\000k\000e\000\040\000d\000e\000t\000e\000c\000t\000i\000o\000n}{chapter.4}% 14
\BOOKMARK [1][-]{section.4.2}{\376\377\000B\000u\000r\000s\000t\000\040\000d\000e\000t\000e\000c\000t\000i\000o\000n\000\040\000a\000n\000d\000\040\000c\000l\000a\000s\000s\000i\000f\000i\000c\000a\000t\000i\000o\000n}{chapter.4}% 15
\BOOKMARK [0][-]{chapter.5}{\376\377\000O\000u\000t\000p\000u\000t}{}% 16
\BOOKMARK [1][-]{section.5.1}{\376\377\000R\000e\000s\000u\000l\000t\000s\000\040\000\050\000H\000D\000F\0005\000\051}{chapter.5}% 17
\BOOKMARK [1][-]{section.5.2}{\376\377\000Q\000u\000a\000l\000i\000t\000y\000\040\000c\000o\000n\000t\000r\000o\000l\000\040\000f\000i\000g\000u\000r\000e\000s}{chapter.5}% 18
\BOOKMARK [0][-]{chapter.6}{\376\377\000A\000c\000c\000e\000s\000s\000i\000n\000g\000\040\000r\000e\000s\000u\000l\000t\000s}{}% 19
\BOOKMARK [1][-]{section.6.1}{\376\377\000P\000y\000t\000h\000o\000n}{chapter.6}% 20
\BOOKMARK [1][-]{section.6.2}{\376\377\000M\000a\000t\000l\000a\000b}{chapter.6}% 21
\BOOKMARK [0][-]{chapter.7}{\376\377\000A\000c\000c\000e\000s\000s\000i\000n\000g\000\040\000m\000e\000t\000a\000d\000a\000t\000a\000\040\000a\000n\000d\000\040\000d\000i\000a\000g\000n\000o\000s\000t\000i\000c\000s\000\040\000m\000e\000t\000r\000i\000c\000s}{}% 22
\BOOKMARK [1][-]{section.7.1}{\376\377\000G\000e\000n\000e\000r\000a\000l}{chapter.7}% 23
\BOOKMARK [1][-]{section.7.2}{\376\377\000o\000d\000M\000L}{chapter.7}% 24
\BOOKMARK [1][-]{section.7.3}{\376\377\000Y\000A\000M\000L}{chapter.7}% 25
\BOOKMARK [0][-]{chapter.8}{\376\377\000T\000o\000d\000o\000l\000i\000s\000t}{}% 26
